\BOOKMARK [1][-]{section.1}{4/2/2024 lecture}{}% 1
\BOOKMARK [1][-]{section.2}{4/4/2024 lecture}{}% 2
\BOOKMARK [1][-]{section.3}{4/9/2024 lecture}{}% 3
\BOOKMARK [1][-]{section.4}{4/11/2024 lecture}{}% 4
\BOOKMARK [1][-]{section.5}{4/16/2024 lecture}{}% 5
\BOOKMARK [2][-]{subsection.5.1}{Mercury}{section.5}% 6
\BOOKMARK [2][-]{subsection.5.2}{Venus}{section.5}% 7
\BOOKMARK [2][-]{subsection.5.3}{Earth}{section.5}% 8
\BOOKMARK [2][-]{subsection.5.4}{Mars}{section.5}% 9
\BOOKMARK [2][-]{subsection.5.5}{Asteroid belt}{section.5}% 10
\BOOKMARK [2][-]{subsection.5.6}{Jupiter}{section.5}% 11
\BOOKMARK [2][-]{subsection.5.7}{Saturn}{section.5}% 12
\BOOKMARK [2][-]{subsection.5.8}{Uranus}{section.5}% 13
\BOOKMARK [2][-]{subsection.5.9}{Neptune}{section.5}% 14
\BOOKMARK [2][-]{subsection.5.10}{Pluto}{section.5}% 15
\BOOKMARK [2][-]{subsection.5.11}{Kuiper belt}{section.5}% 16
\BOOKMARK [2][-]{subsection.5.12}{Oort cloud}{section.5}% 17
\BOOKMARK [1][-]{section.6}{4/18/2024 lecture}{}% 18
\BOOKMARK [1][-]{section.7}{4/23/2024 lecture}{}% 19
\BOOKMARK [1][-]{section.8}{4/30/2024 lecture}{}% 20
\BOOKMARK [1][-]{section.9}{5/2/2024 lecture}{}% 21
\BOOKMARK [1][-]{section.10}{5/7/2024 lecture}{}% 22
