\BOOKMARK [1][-]{section.1}{4/3/2024 lecture}{}% 1
\BOOKMARK [2][-]{subsection.1.1}{Syllabus}{section.1}% 2
\BOOKMARK [2][-]{subsection.1.2}{Intro to groups}{section.1}% 3
\BOOKMARK [2][-]{subsection.1.3}{Group homomorphisms}{section.1}% 4
\BOOKMARK [2][-]{subsection.1.4}{Generators and relations}{section.1}% 5
\BOOKMARK [1][-]{section.2}{4/5/2024 lecture}{}% 6
\BOOKMARK [2][-]{subsection.2.1}{Matrix groups}{section.2}% 7
\BOOKMARK [2][-]{subsection.2.2}{Subgroup}{section.2}% 8
\BOOKMARK [2][-]{subsection.2.3}{Subgroups of the general linear group}{section.2}% 9
\BOOKMARK [2][-]{subsection.2.4}{Representations}{section.2}% 10
\BOOKMARK [2][-]{subsection.2.5}{Cosets and quotient groups}{section.2}% 11
\BOOKMARK [2][-]{subsection.2.6}{First isomorphism theorem}{section.2}% 12
\BOOKMARK [2][-]{subsection.2.7}{Product of groups}{section.2}% 13
\BOOKMARK [1][-]{section.3}{4/10/2024 lecture}{}% 14
\BOOKMARK [2][-]{subsection.3.1}{Quotient groups}{section.3}% 15
\BOOKMARK [2][-]{subsection.3.2}{Exact sequences and extensions}{section.3}% 16
\BOOKMARK [2][-]{subsection.3.3}{Conjugacy classes}{section.3}% 17
\BOOKMARK [2][-]{subsection.3.4}{The alternating group}{section.3}% 18
\BOOKMARK [1][-]{section.4}{4/12/2024 lecture}{}% 19
\BOOKMARK [2][-]{subsection.4.1}{Group actions}{section.4}% 20
\BOOKMARK [2][-]{subsection.4.2}{Dihedral group}{section.4}% 21
\BOOKMARK [2][-]{subsection.4.3}{Orbit-stabilizer theorem}{section.4}% 22
\BOOKMARK [2][-]{subsection.4.4}{Fixed point theorem}{section.4}% 23
\BOOKMARK [1][-]{section.5}{4/17/2024 lecture}{}% 24
\BOOKMARK [2][-]{subsection.5.1}{Finite subgroups of SO\(3\)}{section.5}% 25
\BOOKMARK [2][-]{subsection.5.2}{Lattice groups}{section.5}% 26
\BOOKMARK [2][-]{subsection.5.3}{Finite subgroups of O\(3\)}{section.5}% 27
\BOOKMARK [2][-]{subsection.5.4}{Crystallographic groups}{section.5}% 28
\BOOKMARK [1][-]{section.6}{4/19/2024 lecture}{}% 29
\BOOKMARK [2][-]{subsection.6.1}{Affine transformations of Rd}{section.6}% 30
\BOOKMARK [2][-]{subsection.6.2}{Crystallographic groups}{section.6}% 31
\BOOKMARK [2][-]{subsection.6.3}{Recognizing semi-direct products}{section.6}% 32
\BOOKMARK [2][-]{subsection.6.4}{Group cohomology}{section.6}% 33
\BOOKMARK [1][-]{section.7}{4/24/2024 lecture}{}% 34
\BOOKMARK [1][-]{section.8}{4/26/2024 lecture}{}% 35
\BOOKMARK [1][-]{section.9}{5/3/2024 lecture}{}% 36
\BOOKMARK [2][-]{subsection.9.1}{Schur's lemma}{section.9}% 37
\BOOKMARK [2][-]{subsection.9.2}{Sum of two irreps}{section.9}% 38
\BOOKMARK [1][-]{section.10}{5/15/2024 lecture}{}% 39
\BOOKMARK [2][-]{subsection.10.1}{The exponential map}{section.10}% 40
\BOOKMARK [2][-]{subsection.10.2}{The matrix logarithm}{section.10}% 41
\BOOKMARK [2][-]{subsection.10.3}{Suzuki-Trotter formula}{section.10}% 42
\BOOKMARK [2][-]{subsection.10.4}{Lie algebras}{section.10}% 43
\BOOKMARK [1][-]{section.11}{5/17/2024 lecture}{}% 44
\BOOKMARK [1][-]{section.12}{5/22/2024 lecture}{}% 45
\BOOKMARK [2][-]{subsection.12.1}{Complexification}{section.12}% 46
\BOOKMARK [2][-]{subsection.12.2}{Highest weight vectors}{section.12}% 47
\BOOKMARK [1][-]{section.13}{5/24/2024 lecture}{}% 48
\BOOKMARK [2][-]{subsection.13.1}{Haar measure}{section.13}% 49
\BOOKMARK [2][-]{subsection.13.2}{Peter-Weyl theorem}{section.13}% 50
\BOOKMARK [2][-]{subsection.13.3}{Highest weight representation of su\(2\)}{section.13}% 51
\BOOKMARK [2][-]{subsection.13.4}{Adjoint representations}{section.13}% 52
\BOOKMARK [2][-]{subsection.13.5}{Simple Lie algebras}{section.13}% 53
\BOOKMARK [2][-]{subsection.13.6}{SU\(2\) is a double cover of SO\(3\)}{section.13}% 54
\BOOKMARK [2][-]{subsection.13.7}{Universal covering maps}{section.13}% 55
\BOOKMARK [2][-]{subsection.13.8}{Lie algebra so\(n\)}{section.13}% 56
\BOOKMARK [2][-]{subsection.13.9}{The Lie group U\(2\)}{section.13}% 57
\BOOKMARK [1][-]{section.14}{5/29/2024 lecture}{}% 58
\BOOKMARK [2][-]{subsection.14.1}{Cartan subalgebras}{section.14}% 59
\BOOKMARK [2][-]{subsection.14.2}{Killing form}{section.14}% 60
\BOOKMARK [1][-]{section.15}{5/31/2024 lecture}{}% 61
\BOOKMARK [2][-]{subsection.15.1}{sl\(3,C\)}{section.15}% 62
\BOOKMARK [2][-]{subsection.15.2}{Weyl group}{section.15}% 63
